  Demo.cpp
D:\PEMGIM\Pemrograman_Gim\vs\UI\Demo.cpp(36,43): warning C4244: 'argument': conversion from 'double' to 'Uint8', possible loss of data
D:\PEMGIM\Pemrograman_Gim\vs\UI\Demo.cpp(85,12): warning C4244: 'argument': conversion from 'time_t' to 'unsigned int', possible loss of data
D:\PEMGIM\Pemrograman_Gim\vs\UI\Demo.cpp(313,13): warning C4244: 'initializing': conversion from 'Uint32' to 'float', possible loss of data
D:\PEMGIM\Pemrograman_Gim\vs\UI\Demo.cpp(318,17): warning C4244: 'initializing': conversion from 'Uint32' to 'float', possible loss of data
D:\PEMGIM\Pemrograman_Gim\vs\UI\Demo.cpp(397,22): warning C4244: '-=': conversion from 'float' to 'int', possible loss of data
D:\PEMGIM\Pemrograman_Gim\vs\UI\Demo.cpp(400,22): warning C4244: '-=': conversion from 'float' to 'int', possible loss of data
D:\PEMGIM\Pemrograman_Gim\vs\UI\Demo.cpp(403,22): warning C4244: '+=': conversion from 'float' to 'int', possible loss of data
D:\PEMGIM\Pemrograman_Gim\vs\UI\Demo.cpp(406,22): warning C4244: '+=': conversion from 'float' to 'int', possible loss of data
D:\PEMGIM\Pemrograman_Gim\vs\UI\Demo.cpp(636,24): warning C4838: conversion from 'FT_Pos' to 'GLuint' requires a narrowing conversion
  Game.cpp
SOIL.lib(SOIL.obj) : warning LNK4075: ignoring '/EDITANDCONTINUE' due to '/OPT:ICF' specification
LINK : warning LNK4098: defaultlib 'MSVCRTD' conflicts with use of other libs; use /NODEFAULTLIB:library
  Generating code
  Previous IPDB not found, fall back to full compilation.
  All 807 functions were compiled because no usable IPDB/IOBJ from previous compilation was found.
  Finished generating code
SOIL.lib(image_DXT.obj) : warning LNK4099: PDB '' was not found with 'SOIL.lib(image_DXT.obj)' or at ''; linking object as if no debug info
SOIL.lib(image_helper.obj) : warning LNK4099: PDB 'vc110.pdb' was not found with 'SOIL.lib(image_helper.obj)' or at 'D:\PEMGIM\Pemrograman_Gim\vs\UI\Release\vc110.pdb'; linking object as if no debug info
SOIL.lib(SOIL.obj) : warning LNK4099: PDB 'vc110.pdb' was not found with 'SOIL.lib(SOIL.obj)' or at 'D:\PEMGIM\Pemrograman_Gim\vs\UI\Release\vc110.pdb'; linking object as if no debug info
SOIL.lib(stb_image_aug.obj) : warning LNK4099: PDB 'vc110.pdb' was not found with 'SOIL.lib(stb_image_aug.obj)' or at 'D:\PEMGIM\Pemrograman_Gim\vs\UI\Release\vc110.pdb'; linking object as if no debug info
  SnakeMissqueen.vcxproj -> D:\PEMGIM\Pemrograman_Gim\vs\UI\Release\SnakeMissqueen.exe
