  Demo.cpp
D:\PEMGIM\Pemrograman_Gim\vs\UI\Demo.cpp(36,43): warning C4244: 'argument': conversion from 'double' to 'Uint8', possible loss of data
D:\PEMGIM\Pemrograman_Gim\vs\UI\Demo.cpp(109,12): warning C4244: 'argument': conversion from 'time_t' to 'unsigned int', possible loss of data
D:\PEMGIM\Pemrograman_Gim\vs\UI\Demo.cpp(347,13): warning C4244: 'initializing': conversion from 'Uint32' to 'float', possible loss of data
D:\PEMGIM\Pemrograman_Gim\vs\UI\Demo.cpp(352,17): warning C4244: 'initializing': conversion from 'Uint32' to 'float', possible loss of data
D:\PEMGIM\Pemrograman_Gim\vs\UI\Demo.cpp(431,22): warning C4244: '-=': conversion from 'float' to 'int', possible loss of data
D:\PEMGIM\Pemrograman_Gim\vs\UI\Demo.cpp(434,22): warning C4244: '-=': conversion from 'float' to 'int', possible loss of data
D:\PEMGIM\Pemrograman_Gim\vs\UI\Demo.cpp(437,22): warning C4244: '+=': conversion from 'float' to 'int', possible loss of data
D:\PEMGIM\Pemrograman_Gim\vs\UI\Demo.cpp(440,22): warning C4244: '+=': conversion from 'float' to 'int', possible loss of data
D:\PEMGIM\Pemrograman_Gim\vs\UI\Demo.cpp(670,24): warning C4838: conversion from 'FT_Pos' to 'GLuint' requires a narrowing conversion
SOIL.lib(SOIL.obj) : warning LNK4075: ignoring '/EDITANDCONTINUE' due to '/OPT:ICF' specification
LINK : warning LNK4098: defaultlib 'MSVCRTD' conflicts with use of other libs; use /NODEFAULTLIB:library
  Generating code
  4 of 806 functions ( 0.5%) were compiled, the rest were copied from previous compilation.
    0 functions were new in current compilation
    0 functions had inline decision re-evaluated but remain unchanged
  Finished generating code
SOIL.lib(image_DXT.obj) : warning LNK4099: PDB '' was not found with 'SOIL.lib(image_DXT.obj)' or at ''; linking object as if no debug info
SOIL.lib(image_helper.obj) : warning LNK4099: PDB 'vc110.pdb' was not found with 'SOIL.lib(image_helper.obj)' or at 'D:\PEMGIM\Pemrograman_Gim\vs\Release\vc110.pdb'; linking object as if no debug info
SOIL.lib(SOIL.obj) : warning LNK4099: PDB 'vc110.pdb' was not found with 'SOIL.lib(SOIL.obj)' or at 'D:\PEMGIM\Pemrograman_Gim\vs\Release\vc110.pdb'; linking object as if no debug info
SOIL.lib(stb_image_aug.obj) : warning LNK4099: PDB 'vc110.pdb' was not found with 'SOIL.lib(stb_image_aug.obj)' or at 'D:\PEMGIM\Pemrograman_Gim\vs\Release\vc110.pdb'; linking object as if no debug info
  UI.vcxproj -> D:\PEMGIM\Pemrograman_Gim\vs\Release\SnakeMissqueen.exe
